<?xml version="1.0" encoding="UTF-8"?>
<!-- Generated by org.testng.reporters.JUnitReportReporter -->
<testsuite hostname="DESKTOP-33SJV2T" failures="0" tests="1" name="testCase.Login_Admin_TC" time="28.946" errors="0" timestamp="2022-12-26T12:31:35 IST" skipped="0">
  <testcase classname="testCase.Login_Admin_TC" name="UsersTest" time="28.946"/>
  <system-out/>
</testsuite> <!-- testCase.Login_Admin_TC -->
