<?xml version="1.0" encoding="UTF-8"?>
<!-- Generated by org.testng.reporters.JUnitReportReporter -->
<testsuite hostname="DESKTOP-33SJV2T" failures="0" tests="1" name="testCase.Login_TC" time="42.738" errors="0" timestamp="2022-12-28T15:44:13 IST" skipped="0">
  <testcase classname="testCase.Login_TC" name="ConsultationsTest" time="42.738"/>
  <system-out/>
</testsuite> <!-- testCase.Login_TC -->
